#-----------------------------------------------------------
# Vivado v2018.2 (64-bit)
# SW Build 2258646 on Thu Jun 14 20:03:12 MDT 2018
# IP Build 2256618 on Thu Jun 14 22:10:49 MDT 2018
# Start of session at: Wed Nov 14 20:50:16 2018
# Process ID: 16024
# Current directory: C:/Users/89277/iCloudDrive/Desktop/JI/VE270/lab/4/project_1
# Command line: vivado.exe -gui_launcher_event rodinguilauncherevent14640 C:\Users\89277\iCloudDrive\Desktop\JI\VE270\lab\4\project_1\project_1.xpr
# Log file: C:/Users/89277/iCloudDrive/Desktop/JI/VE270/lab/4/project_1/vivado.log
# Journal file: C:/Users/89277/iCloudDrive/Desktop/JI/VE270/lab/4/project_1\vivado.jou
#-----------------------------------------------------------
start_gui
open_project C:/Users/89277/iCloudDrive/Desktop/JI/VE270/lab/4/project_1/project_1.xpr
Scanning sources...
Finished scanning sources
INFO: [IP_Flow 19-234] Refreshing IP repositories
INFO: [IP_Flow 19-1704] No user IP repositories specified
INFO: [IP_Flow 19-2313] Loaded Vivado IP repository 'C:/Xilinx/Vivado/2018.2/data/ip'.
open_project: Time (s): cpu = 00:00:14 ; elapsed = 00:00:07 . Memory (MB): peak = 848.223 ; gain = 124.398
update_compile_order -fileset sources_1
open_run impl_1
INFO: [Netlist 29-17] Analyzing 3 Unisim elements for replacement
INFO: [Netlist 29-28] Unisim Transformation completed in 0 CPU seconds
INFO: [Project 1-479] Netlist was created with Vivado 2018.2
INFO: [Device 21-403] Loading part xc7a35tcpg236-1
INFO: [Project 1-570] Preparing netlist for logic optimization
INFO: [Timing 38-478] Restoring timing data from binary archive.
INFO: [Timing 38-479] Binary timing data restore complete.
INFO: [Project 1-856] Restoring constraints from binary archive.
INFO: [Project 1-853] Binary constraint restore complete.
Reading XDEF placement.
Reading placer database...
Reading XDEF routing.
Read XDEF File: Time (s): cpu = 00:00:00 ; elapsed = 00:00:00.042 . Memory (MB): peak = 1658.633 ; gain = 0.000
Restored from archive | CPU: 0.000000 secs | Memory: 0.000000 MB |
Finished XDEF File Restore: Time (s): cpu = 00:00:00 ; elapsed = 00:00:00.044 . Memory (MB): peak = 1658.633 ; gain = 0.000
INFO: [Project 1-111] Unisim Transformation Summary:
No Unisim elements were transformed.

open_run: Time (s): cpu = 00:00:29 ; elapsed = 00:00:22 . Memory (MB): peak = 1774.199 ; gain = 894.199
impl_1
exit
INFO: [Common 17-206] Exiting Vivado at Wed Nov 14 23:48:04 2018...
