#-----------------------------------------------------------
# Vivado v2018.2 (64-bit)
# SW Build 2258646 on Thu Jun 14 20:03:12 MDT 2018
# IP Build 2256618 on Thu Jun 14 22:10:49 MDT 2018
# Start of session at: Wed Dec  5 09:37:01 2018
# Process ID: 3920
# Current directory: C:/Users/89277/iCloudDrive/Desktop/JI/VE270/lab/7/project_1
# Command line: vivado.exe -gui_launcher_event rodinguilauncherevent19632 C:\Users\89277\iCloudDrive\Desktop\JI\VE270\lab\7\project_1\project_1.xpr
# Log file: C:/Users/89277/iCloudDrive/Desktop/JI/VE270/lab/7/project_1/vivado.log
# Journal file: C:/Users/89277/iCloudDrive/Desktop/JI/VE270/lab/7/project_1\vivado.jou
#-----------------------------------------------------------
start_gui
open_project C:/Users/89277/iCloudDrive/Desktop/JI/VE270/lab/7/project_1/project_1.xpr
Scanning sources...
Finished scanning sources
INFO: [IP_Flow 19-234] Refreshing IP repositories
INFO: [IP_Flow 19-1704] No user IP repositories specified
INFO: [IP_Flow 19-2313] Loaded Vivado IP repository 'C:/Xilinx/Vivado/2018.2/data/ip'.
open_project: Time (s): cpu = 00:00:11 ; elapsed = 00:00:06 . Memory (MB): peak = 813.574 ; gain = 74.543
update_compile_order -fileset sources_1
reset_run synth_1
launch_runs synth_1 -jobs 4
[Wed Dec  5 09:48:34 2018] Launched synth_1...
Run output will be captured here: C:/Users/89277/iCloudDrive/Desktop/JI/VE270/lab/7/project_1/project_1.runs/synth_1/runme.log
launch_runs impl_1 -jobs 4
[Wed Dec  5 09:49:16 2018] Launched impl_1...
Run output will be captured here: C:/Users/89277/iCloudDrive/Desktop/JI/VE270/lab/7/project_1/project_1.runs/impl_1/runme.log
launch_runs impl_1 -to_step write_bitstream -jobs 4
[Wed Dec  5 09:50:23 2018] Launched impl_1...
Run output will be captured here: C:/Users/89277/iCloudDrive/Desktop/JI/VE270/lab/7/project_1/project_1.runs/impl_1/runme.log
reset_run impl_1 -prev_step 
WARNING: [Vivado 12-1017] Problems encountered:
1. PID not specified

launch_runs impl_1 -to_step write_bitstream -jobs 4
[Wed Dec  5 09:50:43 2018] Launched impl_1...
Run output will be captured here: C:/Users/89277/iCloudDrive/Desktop/JI/VE270/lab/7/project_1/project_1.runs/impl_1/runme.log
reset_run impl_1 -prev_step 
launch_runs impl_1 -to_step write_bitstream -jobs 4
[Wed Dec  5 09:51:02 2018] Launched impl_1...
Run output will be captured here: C:/Users/89277/iCloudDrive/Desktop/JI/VE270/lab/7/project_1/project_1.runs/impl_1/runme.log
reset_run synth_1
launch_runs impl_1 -to_step write_bitstream -jobs 4
[Wed Dec  5 09:53:16 2018] Launched synth_1...
Run output will be captured here: C:/Users/89277/iCloudDrive/Desktop/JI/VE270/lab/7/project_1/project_1.runs/synth_1/runme.log
[Wed Dec  5 09:53:16 2018] Launched impl_1...
Run output will be captured here: C:/Users/89277/iCloudDrive/Desktop/JI/VE270/lab/7/project_1/project_1.runs/impl_1/runme.log
reset_run synth_1
launch_runs synth_1 -jobs 4
[Wed Dec  5 09:56:37 2018] Launched synth_1...
Run output will be captured here: C:/Users/89277/iCloudDrive/Desktop/JI/VE270/lab/7/project_1/project_1.runs/synth_1/runme.log
launch_runs impl_1 -jobs 4
[Wed Dec  5 09:57:21 2018] Launched impl_1...
Run output will be captured here: C:/Users/89277/iCloudDrive/Desktop/JI/VE270/lab/7/project_1/project_1.runs/impl_1/runme.log
reset_run synth_1
launch_runs synth_1 -jobs 4
[Wed Dec  5 09:59:41 2018] Launched synth_1...
Run output will be captured here: C:/Users/89277/iCloudDrive/Desktop/JI/VE270/lab/7/project_1/project_1.runs/synth_1/runme.log
launch_runs impl_1 -jobs 4
[Wed Dec  5 10:00:24 2018] Launched impl_1...
Run output will be captured here: C:/Users/89277/iCloudDrive/Desktop/JI/VE270/lab/7/project_1/project_1.runs/impl_1/runme.log
reset_run synth_1
launch_runs synth_1 -jobs 4
[Wed Dec  5 10:11:30 2018] Launched synth_1...
Run output will be captured here: C:/Users/89277/iCloudDrive/Desktop/JI/VE270/lab/7/project_1/project_1.runs/synth_1/runme.log
launch_runs impl_1 -jobs 4
[Wed Dec  5 10:12:31 2018] Launched impl_1...
Run output will be captured here: C:/Users/89277/iCloudDrive/Desktop/JI/VE270/lab/7/project_1/project_1.runs/impl_1/runme.log
reset_run synth_1
launch_runs synth_1 -jobs 4
[Wed Dec  5 10:14:02 2018] Launched synth_1...
Run output will be captured here: C:/Users/89277/iCloudDrive/Desktop/JI/VE270/lab/7/project_1/project_1.runs/synth_1/runme.log
launch_runs impl_1 -jobs 4
[Wed Dec  5 10:15:14 2018] Launched impl_1...
Run output will be captured here: C:/Users/89277/iCloudDrive/Desktop/JI/VE270/lab/7/project_1/project_1.runs/impl_1/runme.log
launch_runs impl_1 -to_step write_bitstream -jobs 4
[Wed Dec  5 10:17:22 2018] Launched impl_1...
Run output will be captured here: C:/Users/89277/iCloudDrive/Desktop/JI/VE270/lab/7/project_1/project_1.runs/impl_1/runme.log
open_hw
connect_hw_server
INFO: [Labtools 27-2285] Connecting to hw_server url TCP:localhost:3121
INFO: [Labtools 27-2222] Launching hw_server...
INFO: [Labtools 27-2221] Launch Output:

****** Xilinx hw_server v2018.2
  **** Build date : Jun 14 2018-20:42:52
    ** Copyright 1986-2018 Xilinx, Inc. All Rights Reserved.


open_hw_target
INFO: [Labtoolstcl 44-466] Opening hw_target localhost:3121/xilinx_tcf/Digilent/210183A387A5A
set_property PROGRAM.FILE {C:/Users/89277/iCloudDrive/Desktop/JI/VE270/lab/7/project_1/project_1.runs/impl_1/calculator.bit} [get_hw_devices xc7a35t_0]
current_hw_device [get_hw_devices xc7a35t_0]
refresh_hw_device -update_hw_probes false [lindex [get_hw_devices xc7a35t_0] 0]
INFO: [Labtools 27-1435] Device xc7a35t (JTAG device index = 0) is not programmed (DONE status = 0).
set_property PROBES.FILE {} [get_hw_devices xc7a35t_0]
set_property FULL_PROBES.FILE {} [get_hw_devices xc7a35t_0]
set_property PROGRAM.FILE {C:/Users/89277/iCloudDrive/Desktop/JI/VE270/lab/7/project_1/project_1.runs/impl_1/calculator.bit} [get_hw_devices xc7a35t_0]
program_hw_devices [get_hw_devices xc7a35t_0]
INFO: [Labtools 27-3164] End of startup status: HIGH
refresh_hw_device [lindex [get_hw_devices xc7a35t_0] 0]
INFO: [Labtools 27-1434] Device xc7a35t (JTAG device index = 0) is programmed with a design that has no supported debug core(s) in it.
WARNING: [Labtools 27-3361] The debug hub core was not detected.
Resolution: 
1. Make sure the clock connected to the debug hub (dbg_hub) core is a free running clock and is active.
2. Make sure the BSCAN_SWITCH_USER_MASK device property in Vivado Hardware Manager reflects the user scan chain setting in the design and refresh the device.  To determine the user scan chain setting in the design, open the implemented design and use 'get_property C_USER_SCAN_CHAIN [get_debug_cores dbg_hub]'.
For more details on setting the scan chain property, consult the Vivado Debug and Programming User Guide (UG908).
ERROR: [Labtoolstcl 44-513] HW Target shutdown. Closing target: localhost:3121/xilinx_tcf/Digilent/210183A387A5A
INFO: [Labtoolstcl 44-466] Opening hw_target localhost:3121/xilinx_tcf/Digilent/210183A387A5A
INFO: [Labtools 27-1434] Device xc7a35t (JTAG device index = 0) is programmed with a design that has no supported debug core(s) in it.
WARNING: [Labtools 27-3361] The debug hub core was not detected.
Resolution: 
1. Make sure the clock connected to the debug hub (dbg_hub) core is a free running clock and is active.
2. Make sure the BSCAN_SWITCH_USER_MASK device property in Vivado Hardware Manager reflects the user scan chain setting in the design and refresh the device.  To determine the user scan chain setting in the design, open the implemented design and use 'get_property C_USER_SCAN_CHAIN [get_debug_cores dbg_hub]'.
For more details on setting the scan chain property, consult the Vivado Debug and Programming User Guide (UG908).
WARNING: [Labtoolstcl 44-129] No matching hw_ila_data was found.
ERROR: [Labtoolstcl 44-513] HW Target shutdown. Closing target: localhost:3121/xilinx_tcf/Digilent/210183A387A5A
INFO: [Labtoolstcl 44-466] Opening hw_target localhost:3121/xilinx_tcf/Digilent/210183A387A5A
INFO: [Labtools 27-1434] Device xc7a35t (JTAG device index = 0) is programmed with a design that has no supported debug core(s) in it.
WARNING: [Labtools 27-3361] The debug hub core was not detected.
Resolution: 
1. Make sure the clock connected to the debug hub (dbg_hub) core is a free running clock and is active.
2. Make sure the BSCAN_SWITCH_USER_MASK device property in Vivado Hardware Manager reflects the user scan chain setting in the design and refresh the device.  To determine the user scan chain setting in the design, open the implemented design and use 'get_property C_USER_SCAN_CHAIN [get_debug_cores dbg_hub]'.
For more details on setting the scan chain property, consult the Vivado Debug and Programming User Guide (UG908).
WARNING: [Labtoolstcl 44-129] No matching hw_ila_data was found.
open_run impl_1
INFO: [Netlist 29-17] Analyzing 10 Unisim elements for replacement
INFO: [Netlist 29-28] Unisim Transformation completed in 0 CPU seconds
INFO: [Project 1-479] Netlist was created with Vivado 2018.2
INFO: [Device 21-403] Loading part xc7a35tcpg236-1
INFO: [Project 1-570] Preparing netlist for logic optimization
INFO: [Timing 38-478] Restoring timing data from binary archive.
INFO: [Common 17-41] Interrupt caught. Command should exit soon.
INFO: [Timing 38-479] Binary timing data restore complete.
INFO: [Project 1-856] Restoring constraints from binary archive.
INFO: [Project 1-853] Binary constraint restore complete.
Reading XDEF placement.
Reading placer database...
Reading XDEF routing.
Restored from archive | CPU: 0.000000 secs | Memory: 0.000000 MB |
Finished XDEF File Restore: Time (s): cpu = 00:00:00 ; elapsed = 00:00:00.008 . Memory (MB): peak = 2373.750 ; gain = 0.000
open_run: Time (s): cpu = 00:00:19 ; elapsed = 00:00:21 . Memory (MB): peak = 2373.750 ; gain = 820.102
INFO: [Common 17-344] 'open_run' was cancelled
reset_run synth_1
launch_runs synth_1 -jobs 4
[Wed Dec  5 10:28:30 2018] Launched synth_1...
Run output will be captured here: C:/Users/89277/iCloudDrive/Desktop/JI/VE270/lab/7/project_1/project_1.runs/synth_1/runme.log
launch_runs impl_1 -jobs 4
[Wed Dec  5 10:29:16 2018] Launched impl_1...
Run output will be captured here: C:/Users/89277/iCloudDrive/Desktop/JI/VE270/lab/7/project_1/project_1.runs/impl_1/runme.log
open_run impl_1
INFO: [Netlist 29-17] Analyzing 10 Unisim elements for replacement
INFO: [Netlist 29-28] Unisim Transformation completed in 0 CPU seconds
INFO: [Project 1-479] Netlist was created with Vivado 2018.2
INFO: [Project 1-570] Preparing netlist for logic optimization
INFO: [Timing 38-478] Restoring timing data from binary archive.
INFO: [Timing 38-479] Binary timing data restore complete.
INFO: [Project 1-856] Restoring constraints from binary archive.
INFO: [Project 1-853] Binary constraint restore complete.
Reading XDEF placement.
Reading placer database...
Reading XDEF routing.
Read XDEF File: Time (s): cpu = 00:00:00 ; elapsed = 00:00:00.035 . Memory (MB): peak = 2387.426 ; gain = 0.000
Restored from archive | CPU: 0.000000 secs | Memory: 0.000000 MB |
Finished XDEF File Restore: Time (s): cpu = 00:00:00 ; elapsed = 00:00:00.036 . Memory (MB): peak = 2387.426 ; gain = 0.000
INFO: [Project 1-111] Unisim Transformation Summary:
No Unisim elements were transformed.

WARNING: [Timing 38-313] There are no user specified timing constraints. Timing constraints are needed for proper timing analysis.
place_ports c_out1 L1
set_property IOSTANDARD LVCMOS33 [get_ports [list c_out]]
set_property IOSTANDARD LVCMOS33 [get_ports [list c_out1]]
place_ports c_out P3
place_ports c_out P1
save_constraints
reset_run impl_1
launch_runs impl_1 -to_step write_bitstream -jobs 4
[Wed Dec  5 10:31:59 2018] Launched impl_1...
Run output will be captured here: C:/Users/89277/iCloudDrive/Desktop/JI/VE270/lab/7/project_1/project_1.runs/impl_1/runme.log
refresh_design
INFO: [Netlist 29-17] Analyzing 10 Unisim elements for replacement
INFO: [Netlist 29-28] Unisim Transformation completed in 0 CPU seconds
INFO: [Project 1-479] Netlist was created with Vivado 2018.2
INFO: [Project 1-570] Preparing netlist for logic optimization
INFO: [Timing 38-478] Restoring timing data from binary archive.
INFO: [Timing 38-479] Binary timing data restore complete.
INFO: [Project 1-856] Restoring constraints from binary archive.
INFO: [Project 1-853] Binary constraint restore complete.
Reading XDEF placement.
Reading placer database...
Reading XDEF routing.
Read XDEF File: Time (s): cpu = 00:00:00 ; elapsed = 00:00:00.037 . Memory (MB): peak = 2481.438 ; gain = 0.000
Restored from archive | CPU: 0.000000 secs | Memory: 0.000000 MB |
Finished XDEF File Restore: Time (s): cpu = 00:00:00 ; elapsed = 00:00:00.037 . Memory (MB): peak = 2481.438 ; gain = 0.000
WARNING: [Timing 38-313] There are no user specified timing constraints. Timing constraints are needed for proper timing analysis.
set_property PROBES.FILE {} [get_hw_devices xc7a35t_0]
set_property FULL_PROBES.FILE {} [get_hw_devices xc7a35t_0]
set_property PROGRAM.FILE {C:/Users/89277/iCloudDrive/Desktop/JI/VE270/lab/7/project_1/project_1.runs/impl_1/calculator.bit} [get_hw_devices xc7a35t_0]
program_hw_devices [get_hw_devices xc7a35t_0]
INFO: [Labtools 27-3164] End of startup status: HIGH
refresh_hw_device [lindex [get_hw_devices xc7a35t_0] 0]
INFO: [Labtools 27-1434] Device xc7a35t (JTAG device index = 0) is programmed with a design that has no supported debug core(s) in it.
WARNING: [Labtools 27-3361] The debug hub core was not detected.
Resolution: 
1. Make sure the clock connected to the debug hub (dbg_hub) core is a free running clock and is active.
2. Make sure the BSCAN_SWITCH_USER_MASK device property in Vivado Hardware Manager reflects the user scan chain setting in the design and refresh the device.  To determine the user scan chain setting in the design, open the implemented design and use 'get_property C_USER_SCAN_CHAIN [get_debug_cores dbg_hub]'.
For more details on setting the scan chain property, consult the Vivado Debug and Programming User Guide (UG908).
close [ open C:/Users/89277/iCloudDrive/Desktop/JI/VE270/lab/7/project_1/project_1.srcs/sources_1/new/lab777.v w ]
add_files C:/Users/89277/iCloudDrive/Desktop/JI/VE270/lab/7/project_1/project_1.srcs/sources_1/new/lab777.v
update_compile_order -fileset sources_1
exit
INFO: [Common 17-206] Exiting Vivado at Wed Dec  5 10:38:51 2018...
