#-----------------------------------------------------------
# Vivado v2018.2 (64-bit)
# SW Build 2258646 on Thu Jun 14 20:03:12 MDT 2018
# IP Build 2256618 on Thu Jun 14 22:10:49 MDT 2018
# Start of session at: Thu Oct 25 01:12:53 2018
# Process ID: 12164
# Current directory: C:/Users/89277/Desktop/ve270_hw5/project_2
# Command line: vivado.exe -gui_launcher_event rodinguilauncherevent16572 C:\Users\89277\Desktop\ve270_hw5\project_2\project_2.xpr
# Log file: C:/Users/89277/Desktop/ve270_hw5/project_2/vivado.log
# Journal file: C:/Users/89277/Desktop/ve270_hw5/project_2\vivado.jou
#-----------------------------------------------------------
start_gui
open_project C:/Users/89277/Desktop/ve270_hw5/project_2/project_2.xpr
Scanning sources...
Finished scanning sources
INFO: [IP_Flow 19-234] Refreshing IP repositories
INFO: [IP_Flow 19-1704] No user IP repositories specified
INFO: [IP_Flow 19-2313] Loaded Vivado IP repository 'C:/Xilinx/Vivado/2018.2/data/ip'.
open_project: Time (s): cpu = 00:00:17 ; elapsed = 00:00:11 . Memory (MB): peak = 785.555 ; gain = 61.254
update_compile_order -fileset sources_1
exit
INFO: [Common 17-206] Exiting Vivado at Thu Oct 25 01:19:33 2018...
