#-----------------------------------------------------------
# Vivado v2018.2 (64-bit)
# SW Build 2258646 on Thu Jun 14 20:03:12 MDT 2018
# IP Build 2256618 on Thu Jun 14 22:10:49 MDT 2018
# Start of session at: Thu Oct 25 01:12:47 2018
# Process ID: 20800
# Current directory: C:/Users/89277/Desktop/ve270_hw5/project_1
# Command line: vivado.exe -gui_launcher_event rodinguilauncherevent21356 C:\Users\89277\Desktop\ve270_hw5\project_1\project_1.xpr
# Log file: C:/Users/89277/Desktop/ve270_hw5/project_1/vivado.log
# Journal file: C:/Users/89277/Desktop/ve270_hw5/project_1\vivado.jou
#-----------------------------------------------------------
start_gui
open_project C:/Users/89277/Desktop/ve270_hw5/project_1/project_1.xpr
Scanning sources...
Finished scanning sources
INFO: [IP_Flow 19-234] Refreshing IP repositories
INFO: [IP_Flow 19-1704] No user IP repositories specified
INFO: [IP_Flow 19-2313] Loaded Vivado IP repository 'C:/Xilinx/Vivado/2018.2/data/ip'.
open_project: Time (s): cpu = 00:00:14 ; elapsed = 00:00:09 . Memory (MB): peak = 793.074 ; gain = 47.324
update_compile_order -fileset sources_1
exit
INFO: [Common 17-206] Exiting Vivado at Thu Oct 25 01:16:49 2018...
